------------------------------------------------------------------------------------------------------------------------

[2022-11-14 19:51:39 #1 store] 
Database '/home/oier/git/ProyectoIS2/src/main/resources/bets.temp' is opened by 14061@pc-oier

[2022-11-14 19:51:39 #2 type.registry] 
New type domain.Team

[2022-11-14 19:51:39 #3 type] 
Type domain.Team is not enhanced.

[2022-11-14 19:51:39 #4 type.registry] 
New type domain.Event

[2022-11-14 19:51:39 #5 type.registry] 
New type java.util.Vector<domain.Event>

[2022-11-14 19:51:39 #6 type.registry] 
New type domain.User

[2022-11-14 19:51:39 #7 type.registry] 
New type domain.Registered

[2022-11-14 19:51:39 #8 type.registry] 
New type java.util.Vector<domain.Registered>

[2022-11-14 19:51:39 #9 type] 
Type domain.Event is not enhanced.

[2022-11-14 19:51:39 #10 type.registry] 
New type domain.Sport

[2022-11-14 19:51:39 #11 type.registry] 
New type domain.Question

[2022-11-14 19:51:39 #12 type.registry] 
New type java.util.Vector<domain.Question>

[2022-11-14 19:51:39 #13 type] 
Type domain.User is not enhanced.

[2022-11-14 19:51:39 #14 type.registry] 
New type domain.Elkarrizketa

[2022-11-14 19:51:39 #15 type.registry] 
New type java.util.Vector<domain.Elkarrizketa>

[2022-11-14 19:51:39 #16 type.registry] 
New type domain.Message

[2022-11-14 19:51:39 #17 type.registry] 
New type java.util.Vector<domain.Message>

[2022-11-14 19:51:39 #18 type] 
Type domain.Registered is not enhanced.

[2022-11-14 19:51:39 #19 type.registry] 
New type domain.KirolEstatistikak

[2022-11-14 19:51:39 #20 type.registry] 
New type java.util.Vector<domain.KirolEstatistikak>

[2022-11-14 19:51:39 #21 type.registry] 
New type domain.Jarraitzailea

[2022-11-14 19:51:39 #22 type.registry] 
New type java.util.Vector<domain.Jarraitzailea>

[2022-11-14 19:51:39 #23 type.registry] 
New type domain.ApustuAnitza

[2022-11-14 19:51:39 #24 type.registry] 
New type java.util.Vector<domain.ApustuAnitza>

[2022-11-14 19:51:39 #25 type.registry] 
New type domain.Transaction

[2022-11-14 19:51:39 #26 type.registry] 
New type java.util.Vector<domain.Transaction>

[2022-11-14 19:51:39 #27 type] 
Type domain.Sport is not enhanced.

[2022-11-14 19:51:39 #28 type] 
Type domain.Question is not enhanced.

[2022-11-14 19:51:39 #29 type.registry] 
New type domain.Quote

[2022-11-14 19:51:39 #30 type.registry] 
New type java.util.Vector<domain.Quote>

[2022-11-14 19:51:39 #31 type] 
Type domain.Elkarrizketa is not enhanced.

[2022-11-14 19:51:39 #32 type] 
Type domain.Message is not enhanced.

[2022-11-14 19:51:39 #33 type] 
Type domain.KirolEstatistikak is not enhanced.

[2022-11-14 19:51:39 #34 type] 
Type domain.Jarraitzailea is not enhanced.

[2022-11-14 19:51:39 #35 type] 
Type domain.ApustuAnitza is not enhanced.

[2022-11-14 19:51:39 #36 type.registry] 
New type domain.Apustua

[2022-11-14 19:51:39 #37 type.registry] 
New type java.util.Vector<domain.Apustua>

[2022-11-14 19:51:39 #38 type] 
Type domain.Transaction is not enhanced.

[2022-11-14 19:51:39 #39 type] 
Type domain.Quote is not enhanced.

[2022-11-14 19:51:39 #40 type] 
Type domain.Apustua is not enhanced.

[2022-11-14 19:51:39 #41 type.registry] 
New type domain.Admin

[2022-11-14 19:51:39 #42 type] 
Type domain.Admin is not enhanced.

[2022-11-14 19:51:39 #43 type.registry] 
New type java.util.Vector<java.lang.Object>

------------------------------------------------------------------------------------------------------------------------

[2022-11-14 19:52:51 #1 store] 
Database '/home/oier/git/ProyectoIS2/src/main/resources/bets.temp' is opened by 14214@pc-oier

[2022-11-14 19:52:51 #2 type.registry] 
New type domain.Team

[2022-11-14 19:52:51 #3 type] 
Type domain.Team is not enhanced.

[2022-11-14 19:52:51 #4 type.registry] 
New type domain.Event

[2022-11-14 19:52:51 #5 type.registry] 
New type java.util.Vector<domain.Event>

[2022-11-14 19:52:51 #6 type.registry] 
New type domain.User

[2022-11-14 19:52:51 #7 type.registry] 
New type domain.Registered

[2022-11-14 19:52:51 #8 type.registry] 
New type java.util.Vector<domain.Registered>

[2022-11-14 19:52:51 #9 type] 
Type domain.Event is not enhanced.

[2022-11-14 19:52:51 #10 type.registry] 
New type domain.Sport

[2022-11-14 19:52:51 #11 type.registry] 
New type domain.Question

[2022-11-14 19:52:51 #12 type.registry] 
New type java.util.Vector<domain.Question>

[2022-11-14 19:52:51 #13 type] 
Type domain.User is not enhanced.

[2022-11-14 19:52:51 #14 type.registry] 
New type domain.Elkarrizketa

[2022-11-14 19:52:51 #15 type.registry] 
New type java.util.Vector<domain.Elkarrizketa>

[2022-11-14 19:52:51 #16 type.registry] 
New type domain.Message

[2022-11-14 19:52:51 #17 type.registry] 
New type java.util.Vector<domain.Message>

[2022-11-14 19:52:51 #18 type] 
Type domain.Registered is not enhanced.

[2022-11-14 19:52:51 #19 type.registry] 
New type domain.KirolEstatistikak

[2022-11-14 19:52:51 #20 type.registry] 
New type java.util.Vector<domain.KirolEstatistikak>

[2022-11-14 19:52:51 #21 type.registry] 
New type domain.Jarraitzailea

[2022-11-14 19:52:51 #22 type.registry] 
New type java.util.Vector<domain.Jarraitzailea>

[2022-11-14 19:52:51 #23 type.registry] 
New type domain.ApustuAnitza

[2022-11-14 19:52:51 #24 type.registry] 
New type java.util.Vector<domain.ApustuAnitza>

[2022-11-14 19:52:51 #25 type.registry] 
New type domain.Transaction

[2022-11-14 19:52:51 #26 type.registry] 
New type java.util.Vector<domain.Transaction>

[2022-11-14 19:52:51 #27 type] 
Type domain.Sport is not enhanced.

[2022-11-14 19:52:51 #28 type] 
Type domain.Question is not enhanced.

[2022-11-14 19:52:51 #29 type.registry] 
New type domain.Quote

[2022-11-14 19:52:51 #30 type.registry] 
New type java.util.Vector<domain.Quote>

[2022-11-14 19:52:51 #31 type] 
Type domain.Elkarrizketa is not enhanced.

[2022-11-14 19:52:51 #32 type] 
Type domain.Message is not enhanced.

[2022-11-14 19:52:51 #33 type] 
Type domain.KirolEstatistikak is not enhanced.

[2022-11-14 19:52:51 #34 type] 
Type domain.Jarraitzailea is not enhanced.

[2022-11-14 19:52:51 #35 type] 
Type domain.ApustuAnitza is not enhanced.

[2022-11-14 19:52:51 #36 type.registry] 
New type domain.Apustua

[2022-11-14 19:52:51 #37 type.registry] 
New type java.util.Vector<domain.Apustua>

[2022-11-14 19:52:51 #38 type] 
Type domain.Transaction is not enhanced.

[2022-11-14 19:52:51 #39 type] 
Type domain.Quote is not enhanced.

[2022-11-14 19:52:51 #40 type] 
Type domain.Apustua is not enhanced.

[2022-11-14 19:52:51 #41 type.registry] 
New type domain.Admin

[2022-11-14 19:52:51 #42 type] 
Type domain.Admin is not enhanced.

[2022-11-14 19:52:51 #43 type.registry] 
New type java.util.Vector<java.lang.Object>

------------------------------------------------------------------------------------------------------------------------

[2022-11-14 19:56:01 #1 store] 
Database '/home/oier/git/ProyectoIS2/src/main/resources/bets.temp' is opened by 14574@pc-oier

[2022-11-14 19:56:01 #2 type.registry] 
New type domain.Team

[2022-11-14 19:56:01 #3 type] 
Type domain.Team is not enhanced.

[2022-11-14 19:56:01 #4 type.registry] 
New type domain.Event

[2022-11-14 19:56:01 #5 type.registry] 
New type java.util.Vector<domain.Event>

[2022-11-14 19:56:01 #6 type.registry] 
New type domain.User

[2022-11-14 19:56:01 #7 type.registry] 
New type domain.Registered

[2022-11-14 19:56:01 #8 type.registry] 
New type java.util.Vector<domain.Registered>

[2022-11-14 19:56:01 #9 type] 
Type domain.Event is not enhanced.

[2022-11-14 19:56:01 #10 type.registry] 
New type domain.Sport

[2022-11-14 19:56:01 #11 type.registry] 
New type domain.Question

[2022-11-14 19:56:01 #12 type.registry] 
New type java.util.Vector<domain.Question>

[2022-11-14 19:56:01 #13 type] 
Type domain.User is not enhanced.

[2022-11-14 19:56:01 #14 type.registry] 
New type domain.Elkarrizketa

[2022-11-14 19:56:01 #15 type.registry] 
New type java.util.Vector<domain.Elkarrizketa>

[2022-11-14 19:56:01 #16 type.registry] 
New type domain.Message

[2022-11-14 19:56:01 #17 type.registry] 
New type java.util.Vector<domain.Message>

[2022-11-14 19:56:01 #18 type] 
Type domain.Registered is not enhanced.

[2022-11-14 19:56:01 #19 type.registry] 
New type domain.KirolEstatistikak

[2022-11-14 19:56:01 #20 type.registry] 
New type java.util.Vector<domain.KirolEstatistikak>

[2022-11-14 19:56:01 #21 type.registry] 
New type domain.Jarraitzailea

[2022-11-14 19:56:01 #22 type.registry] 
New type java.util.Vector<domain.Jarraitzailea>

[2022-11-14 19:56:01 #23 type.registry] 
New type domain.ApustuAnitza

[2022-11-14 19:56:01 #24 type.registry] 
New type java.util.Vector<domain.ApustuAnitza>

[2022-11-14 19:56:01 #25 type.registry] 
New type domain.Transaction

[2022-11-14 19:56:01 #26 type.registry] 
New type java.util.Vector<domain.Transaction>

[2022-11-14 19:56:01 #27 type] 
Type domain.Sport is not enhanced.

[2022-11-14 19:56:01 #28 type] 
Type domain.Question is not enhanced.

[2022-11-14 19:56:01 #29 type.registry] 
New type domain.Quote

[2022-11-14 19:56:01 #30 type.registry] 
New type java.util.Vector<domain.Quote>

[2022-11-14 19:56:01 #31 type] 
Type domain.Elkarrizketa is not enhanced.

[2022-11-14 19:56:01 #32 type] 
Type domain.Message is not enhanced.

[2022-11-14 19:56:01 #33 type] 
Type domain.KirolEstatistikak is not enhanced.

[2022-11-14 19:56:01 #34 type] 
Type domain.Jarraitzailea is not enhanced.

[2022-11-14 19:56:01 #35 type] 
Type domain.ApustuAnitza is not enhanced.

[2022-11-14 19:56:01 #36 type.registry] 
New type domain.Apustua

[2022-11-14 19:56:01 #37 type.registry] 
New type java.util.Vector<domain.Apustua>

[2022-11-14 19:56:01 #38 type] 
Type domain.Transaction is not enhanced.

[2022-11-14 19:56:01 #39 type] 
Type domain.Quote is not enhanced.

[2022-11-14 19:56:01 #40 type] 
Type domain.Apustua is not enhanced.

[2022-11-14 19:56:01 #41 type.registry] 
New type domain.Admin

[2022-11-14 19:56:01 #42 type] 
Type domain.Admin is not enhanced.

[2022-11-14 19:56:01 #43 type.registry] 
New type java.util.Vector<java.lang.Object>

------------------------------------------------------------------------------------------------------------------------

[2022-11-14 19:58:52 #1 store] 
Database '/home/oier/git/ProyectoIS2/src/main/resources/bets.temp' is opened by 15064@pc-oier

[2022-11-14 19:58:53 #2 type.registry] 
New type domain.Team

[2022-11-14 19:58:53 #3 type] 
Type domain.Team is not enhanced.

[2022-11-14 19:58:53 #4 type.registry] 
New type domain.Event

[2022-11-14 19:58:53 #5 type.registry] 
New type java.util.Vector<domain.Event>

[2022-11-14 19:58:53 #6 type.registry] 
New type domain.User

[2022-11-14 19:58:53 #7 type.registry] 
New type domain.Registered

[2022-11-14 19:58:53 #8 type.registry] 
New type java.util.Vector<domain.Registered>

[2022-11-14 19:58:53 #9 type] 
Type domain.Event is not enhanced.

[2022-11-14 19:58:53 #10 type.registry] 
New type domain.Sport

[2022-11-14 19:58:53 #11 type.registry] 
New type domain.Question

[2022-11-14 19:58:53 #12 type.registry] 
New type java.util.Vector<domain.Question>

[2022-11-14 19:58:53 #13 type] 
Type domain.User is not enhanced.

[2022-11-14 19:58:53 #14 type.registry] 
New type domain.Elkarrizketa

[2022-11-14 19:58:53 #15 type.registry] 
New type java.util.Vector<domain.Elkarrizketa>

[2022-11-14 19:58:53 #16 type.registry] 
New type domain.Message

[2022-11-14 19:58:53 #17 type.registry] 
New type java.util.Vector<domain.Message>

[2022-11-14 19:58:53 #18 type] 
Type domain.Registered is not enhanced.

[2022-11-14 19:58:53 #19 type.registry] 
New type domain.KirolEstatistikak

[2022-11-14 19:58:53 #20 type.registry] 
New type java.util.Vector<domain.KirolEstatistikak>

[2022-11-14 19:58:53 #21 type.registry] 
New type domain.Jarraitzailea

[2022-11-14 19:58:53 #22 type.registry] 
New type java.util.Vector<domain.Jarraitzailea>

[2022-11-14 19:58:53 #23 type.registry] 
New type domain.ApustuAnitza

[2022-11-14 19:58:53 #24 type.registry] 
New type java.util.Vector<domain.ApustuAnitza>

[2022-11-14 19:58:53 #25 type.registry] 
New type domain.Transaction

[2022-11-14 19:58:53 #26 type.registry] 
New type java.util.Vector<domain.Transaction>

[2022-11-14 19:58:53 #27 type] 
Type domain.Sport is not enhanced.

[2022-11-14 19:58:53 #28 type] 
Type domain.Question is not enhanced.

[2022-11-14 19:58:53 #29 type.registry] 
New type domain.Quote

[2022-11-14 19:58:53 #30 type.registry] 
New type java.util.Vector<domain.Quote>

[2022-11-14 19:58:53 #31 type] 
Type domain.Elkarrizketa is not enhanced.

[2022-11-14 19:58:53 #32 type] 
Type domain.Message is not enhanced.

[2022-11-14 19:58:53 #33 type] 
Type domain.KirolEstatistikak is not enhanced.

[2022-11-14 19:58:53 #34 type] 
Type domain.Jarraitzailea is not enhanced.

[2022-11-14 19:58:53 #35 type] 
Type domain.ApustuAnitza is not enhanced.

[2022-11-14 19:58:53 #36 type.registry] 
New type domain.Apustua

[2022-11-14 19:58:53 #37 type.registry] 
New type java.util.Vector<domain.Apustua>

[2022-11-14 19:58:53 #38 type] 
Type domain.Transaction is not enhanced.

[2022-11-14 19:58:53 #39 type] 
Type domain.Quote is not enhanced.

[2022-11-14 19:58:53 #40 type] 
Type domain.Apustua is not enhanced.

[2022-11-14 19:58:53 #41 type.registry] 
New type domain.Admin

[2022-11-14 19:58:53 #42 type] 
Type domain.Admin is not enhanced.

[2022-11-14 19:58:53 #43 type.registry] 
New type java.util.Vector<java.lang.Object>

------------------------------------------------------------------------------------------------------------------------

[2022-11-14 20:09:12 #1 store] 
Database '/home/oier/git/ProyectoIS2/src/main/resources/bets.temp' is opened by 15979@pc-oier

[2022-11-14 20:09:12 #2 type.registry] 
New type domain.Team

[2022-11-14 20:09:12 #3 type] 
Type domain.Team is not enhanced.

[2022-11-14 20:09:12 #4 type.registry] 
New type domain.Event

[2022-11-14 20:09:12 #5 type.registry] 
New type java.util.Vector<domain.Event>

[2022-11-14 20:09:12 #6 type.registry] 
New type domain.User

[2022-11-14 20:09:12 #7 type.registry] 
New type domain.Registered

[2022-11-14 20:09:12 #8 type.registry] 
New type java.util.Vector<domain.Registered>

[2022-11-14 20:09:12 #9 type] 
Type domain.Event is not enhanced.

[2022-11-14 20:09:12 #10 type.registry] 
New type domain.Sport

[2022-11-14 20:09:12 #11 type.registry] 
New type domain.Question

[2022-11-14 20:09:12 #12 type.registry] 
New type java.util.Vector<domain.Question>

[2022-11-14 20:09:12 #13 type] 
Type domain.User is not enhanced.

[2022-11-14 20:09:12 #14 type.registry] 
New type domain.Elkarrizketa

[2022-11-14 20:09:12 #15 type.registry] 
New type java.util.Vector<domain.Elkarrizketa>

[2022-11-14 20:09:12 #16 type.registry] 
New type domain.Message

[2022-11-14 20:09:12 #17 type.registry] 
New type java.util.Vector<domain.Message>

[2022-11-14 20:09:12 #18 type] 
Type domain.Registered is not enhanced.

[2022-11-14 20:09:12 #19 type.registry] 
New type domain.KirolEstatistikak

[2022-11-14 20:09:12 #20 type.registry] 
New type java.util.Vector<domain.KirolEstatistikak>

[2022-11-14 20:09:12 #21 type.registry] 
New type domain.Jarraitzailea

[2022-11-14 20:09:12 #22 type.registry] 
New type java.util.Vector<domain.Jarraitzailea>

[2022-11-14 20:09:12 #23 type.registry] 
New type domain.ApustuAnitza

[2022-11-14 20:09:12 #24 type.registry] 
New type java.util.Vector<domain.ApustuAnitza>

[2022-11-14 20:09:12 #25 type.registry] 
New type domain.Transaction

[2022-11-14 20:09:12 #26 type.registry] 
New type java.util.Vector<domain.Transaction>

[2022-11-14 20:09:12 #27 type] 
Type domain.Sport is not enhanced.

[2022-11-14 20:09:12 #28 type] 
Type domain.Question is not enhanced.

[2022-11-14 20:09:12 #29 type.registry] 
New type domain.Quote

[2022-11-14 20:09:12 #30 type.registry] 
New type java.util.Vector<domain.Quote>

[2022-11-14 20:09:12 #31 type] 
Type domain.Elkarrizketa is not enhanced.

[2022-11-14 20:09:12 #32 type] 
Type domain.Message is not enhanced.

[2022-11-14 20:09:12 #33 type] 
Type domain.KirolEstatistikak is not enhanced.

[2022-11-14 20:09:12 #34 type] 
Type domain.Jarraitzailea is not enhanced.

[2022-11-14 20:09:12 #35 type] 
Type domain.ApustuAnitza is not enhanced.

[2022-11-14 20:09:12 #36 type.registry] 
New type domain.Apustua

[2022-11-14 20:09:12 #37 type.registry] 
New type java.util.Vector<domain.Apustua>

[2022-11-14 20:09:12 #38 type] 
Type domain.Transaction is not enhanced.

[2022-11-14 20:09:12 #39 type] 
Type domain.Quote is not enhanced.

[2022-11-14 20:09:12 #40 type] 
Type domain.Apustua is not enhanced.

[2022-11-14 20:09:12 #41 type.registry] 
New type domain.Admin

[2022-11-14 20:09:12 #42 type] 
Type domain.Admin is not enhanced.

[2022-11-14 20:09:12 #43 type.registry] 
New type java.util.Vector<java.lang.Object>

------------------------------------------------------------------------------------------------------------------------

[2022-11-14 20:10:21 #1 store] 
Database '/home/oier/git/ProyectoIS2/src/main/resources/bets.temp' is opened by 16143@pc-oier

[2022-11-14 20:10:21 #2 type.registry] 
New type domain.Team

[2022-11-14 20:10:21 #3 type] 
Type domain.Team is not enhanced.

[2022-11-14 20:10:21 #4 type.registry] 
New type domain.Event

[2022-11-14 20:10:21 #5 type.registry] 
New type java.util.Vector<domain.Event>

[2022-11-14 20:10:22 #6 type.registry] 
New type domain.User

[2022-11-14 20:10:22 #7 type.registry] 
New type domain.Registered

[2022-11-14 20:10:22 #8 type.registry] 
New type java.util.Vector<domain.Registered>

[2022-11-14 20:10:22 #9 type] 
Type domain.Event is not enhanced.

[2022-11-14 20:10:22 #10 type.registry] 
New type domain.Sport

[2022-11-14 20:10:22 #11 type.registry] 
New type domain.Question

[2022-11-14 20:10:22 #12 type.registry] 
New type java.util.Vector<domain.Question>

[2022-11-14 20:10:22 #13 type] 
Type domain.User is not enhanced.

[2022-11-14 20:10:22 #14 type.registry] 
New type domain.Elkarrizketa

[2022-11-14 20:10:22 #15 type.registry] 
New type java.util.Vector<domain.Elkarrizketa>

[2022-11-14 20:10:22 #16 type.registry] 
New type domain.Message

[2022-11-14 20:10:22 #17 type.registry] 
New type java.util.Vector<domain.Message>

[2022-11-14 20:10:22 #18 type] 
Type domain.Registered is not enhanced.

[2022-11-14 20:10:22 #19 type.registry] 
New type domain.KirolEstatistikak

[2022-11-14 20:10:22 #20 type.registry] 
New type java.util.Vector<domain.KirolEstatistikak>

[2022-11-14 20:10:22 #21 type.registry] 
New type domain.Jarraitzailea

[2022-11-14 20:10:22 #22 type.registry] 
New type java.util.Vector<domain.Jarraitzailea>

[2022-11-14 20:10:22 #23 type.registry] 
New type domain.ApustuAnitza

[2022-11-14 20:10:22 #24 type.registry] 
New type java.util.Vector<domain.ApustuAnitza>

[2022-11-14 20:10:22 #25 type.registry] 
New type domain.Transaction

[2022-11-14 20:10:22 #26 type.registry] 
New type java.util.Vector<domain.Transaction>

[2022-11-14 20:10:22 #27 type] 
Type domain.Sport is not enhanced.

[2022-11-14 20:10:22 #28 type] 
Type domain.Question is not enhanced.

[2022-11-14 20:10:22 #29 type.registry] 
New type domain.Quote

[2022-11-14 20:10:22 #30 type.registry] 
New type java.util.Vector<domain.Quote>

[2022-11-14 20:10:22 #31 type] 
Type domain.Elkarrizketa is not enhanced.

[2022-11-14 20:10:22 #32 type] 
Type domain.Message is not enhanced.

[2022-11-14 20:10:22 #33 type] 
Type domain.KirolEstatistikak is not enhanced.

[2022-11-14 20:10:22 #34 type] 
Type domain.Jarraitzailea is not enhanced.

[2022-11-14 20:10:22 #35 type] 
Type domain.ApustuAnitza is not enhanced.

[2022-11-14 20:10:22 #36 type.registry] 
New type domain.Apustua

[2022-11-14 20:10:22 #37 type.registry] 
New type java.util.Vector<domain.Apustua>

[2022-11-14 20:10:22 #38 type] 
Type domain.Transaction is not enhanced.

[2022-11-14 20:10:22 #39 type] 
Type domain.Quote is not enhanced.

[2022-11-14 20:10:22 #40 type] 
Type domain.Apustua is not enhanced.

[2022-11-14 20:10:22 #41 type.registry] 
New type domain.Admin

[2022-11-14 20:10:22 #42 type] 
Type domain.Admin is not enhanced.

[2022-11-14 20:10:22 #43 type.registry] 
New type java.util.Vector<java.lang.Object>

------------------------------------------------------------------------------------------------------------------------

[2022-11-14 20:10:27 #1 store] 
Database '/home/oier/git/ProyectoIS2/src/main/resources/bets.temp' is opened by 16230@pc-oier

[2022-11-14 20:10:28 #2 type.registry] 
New type domain.Team

[2022-11-14 20:10:28 #3 type] 
Type domain.Team is not enhanced.

[2022-11-14 20:10:28 #4 type.registry] 
New type domain.Event

[2022-11-14 20:10:28 #5 type.registry] 
New type java.util.Vector<domain.Event>

[2022-11-14 20:10:28 #6 type.registry] 
New type domain.User

[2022-11-14 20:10:28 #7 type.registry] 
New type domain.Registered

[2022-11-14 20:10:28 #8 type.registry] 
New type java.util.Vector<domain.Registered>

[2022-11-14 20:10:28 #9 type] 
Type domain.Event is not enhanced.

[2022-11-14 20:10:28 #10 type.registry] 
New type domain.Sport

[2022-11-14 20:10:28 #11 type.registry] 
New type domain.Question

[2022-11-14 20:10:28 #12 type.registry] 
New type java.util.Vector<domain.Question>

[2022-11-14 20:10:28 #13 type] 
Type domain.User is not enhanced.

[2022-11-14 20:10:28 #14 type.registry] 
New type domain.Elkarrizketa

[2022-11-14 20:10:28 #15 type.registry] 
New type java.util.Vector<domain.Elkarrizketa>

[2022-11-14 20:10:28 #16 type.registry] 
New type domain.Message

[2022-11-14 20:10:28 #17 type.registry] 
New type java.util.Vector<domain.Message>

[2022-11-14 20:10:28 #18 type] 
Type domain.Registered is not enhanced.

[2022-11-14 20:10:28 #19 type.registry] 
New type domain.KirolEstatistikak

[2022-11-14 20:10:28 #20 type.registry] 
New type java.util.Vector<domain.KirolEstatistikak>

[2022-11-14 20:10:28 #21 type.registry] 
New type domain.Jarraitzailea

[2022-11-14 20:10:28 #22 type.registry] 
New type java.util.Vector<domain.Jarraitzailea>

[2022-11-14 20:10:28 #23 type.registry] 
New type domain.ApustuAnitza

[2022-11-14 20:10:28 #24 type.registry] 
New type java.util.Vector<domain.ApustuAnitza>

[2022-11-14 20:10:28 #25 type.registry] 
New type domain.Transaction

[2022-11-14 20:10:28 #26 type.registry] 
New type java.util.Vector<domain.Transaction>

[2022-11-14 20:10:28 #27 type] 
Type domain.Sport is not enhanced.

[2022-11-14 20:10:28 #28 type] 
Type domain.Question is not enhanced.

[2022-11-14 20:10:28 #29 type.registry] 
New type domain.Quote

[2022-11-14 20:10:28 #30 type.registry] 
New type java.util.Vector<domain.Quote>

[2022-11-14 20:10:28 #31 type] 
Type domain.Elkarrizketa is not enhanced.

[2022-11-14 20:10:28 #32 type] 
Type domain.Message is not enhanced.

[2022-11-14 20:10:28 #33 type] 
Type domain.KirolEstatistikak is not enhanced.

[2022-11-14 20:10:28 #34 type] 
Type domain.Jarraitzailea is not enhanced.

[2022-11-14 20:10:28 #35 type] 
Type domain.ApustuAnitza is not enhanced.

[2022-11-14 20:10:28 #36 type.registry] 
New type domain.Apustua

[2022-11-14 20:10:28 #37 type.registry] 
New type java.util.Vector<domain.Apustua>

[2022-11-14 20:10:28 #38 type] 
Type domain.Transaction is not enhanced.

[2022-11-14 20:10:28 #39 type] 
Type domain.Quote is not enhanced.

[2022-11-14 20:10:28 #40 type] 
Type domain.Apustua is not enhanced.

[2022-11-14 20:10:28 #41 type.registry] 
New type domain.Admin

[2022-11-14 20:10:28 #42 type] 
Type domain.Admin is not enhanced.

[2022-11-14 20:10:28 #43 type.registry] 
New type java.util.Vector<java.lang.Object>

------------------------------------------------------------------------------------------------------------------------

[2022-11-14 20:21:59 #1 store] 
Database '/home/oier/git/ProyectoIS2/src/main/resources/bets.temp' is opened by 17011@pc-oier

[2022-11-14 20:21:59 #2 type.registry] 
New type domain.Team

[2022-11-14 20:21:59 #3 type] 
Type domain.Team is not enhanced.

[2022-11-14 20:21:59 #4 type.registry] 
New type domain.Event

[2022-11-14 20:21:59 #5 type.registry] 
New type java.util.Vector<domain.Event>

[2022-11-14 20:21:59 #6 type.registry] 
New type domain.User

[2022-11-14 20:21:59 #7 type.registry] 
New type domain.Registered

[2022-11-14 20:21:59 #8 type.registry] 
New type java.util.Vector<domain.Registered>

[2022-11-14 20:21:59 #9 type] 
Type domain.Event is not enhanced.

[2022-11-14 20:21:59 #10 type.registry] 
New type domain.Sport

[2022-11-14 20:21:59 #11 type.registry] 
New type domain.Question

[2022-11-14 20:21:59 #12 type.registry] 
New type java.util.Vector<domain.Question>

[2022-11-14 20:21:59 #13 type] 
Type domain.User is not enhanced.

[2022-11-14 20:21:59 #14 type.registry] 
New type domain.Elkarrizketa

[2022-11-14 20:21:59 #15 type.registry] 
New type java.util.Vector<domain.Elkarrizketa>

[2022-11-14 20:21:59 #16 type.registry] 
New type domain.Message

[2022-11-14 20:21:59 #17 type.registry] 
New type java.util.Vector<domain.Message>

[2022-11-14 20:21:59 #18 type] 
Type domain.Registered is not enhanced.

[2022-11-14 20:21:59 #19 type.registry] 
New type domain.KirolEstatistikak

[2022-11-14 20:21:59 #20 type.registry] 
New type java.util.Vector<domain.KirolEstatistikak>

[2022-11-14 20:21:59 #21 type.registry] 
New type domain.Jarraitzailea

[2022-11-14 20:21:59 #22 type.registry] 
New type java.util.Vector<domain.Jarraitzailea>

[2022-11-14 20:21:59 #23 type.registry] 
New type domain.ApustuAnitza

[2022-11-14 20:21:59 #24 type.registry] 
New type java.util.Vector<domain.ApustuAnitza>

[2022-11-14 20:21:59 #25 type.registry] 
New type domain.Transaction

[2022-11-14 20:21:59 #26 type.registry] 
New type java.util.Vector<domain.Transaction>

[2022-11-14 20:21:59 #27 type] 
Type domain.Sport is not enhanced.

[2022-11-14 20:21:59 #28 type] 
Type domain.Question is not enhanced.

[2022-11-14 20:21:59 #29 type.registry] 
New type domain.Quote

[2022-11-14 20:21:59 #30 type.registry] 
New type java.util.Vector<domain.Quote>

[2022-11-14 20:21:59 #31 type] 
Type domain.Elkarrizketa is not enhanced.

[2022-11-14 20:21:59 #32 type] 
Type domain.Message is not enhanced.

[2022-11-14 20:21:59 #33 type] 
Type domain.KirolEstatistikak is not enhanced.

[2022-11-14 20:21:59 #34 type] 
Type domain.Jarraitzailea is not enhanced.

[2022-11-14 20:21:59 #35 type] 
Type domain.ApustuAnitza is not enhanced.

[2022-11-14 20:21:59 #36 type.registry] 
New type domain.Apustua

[2022-11-14 20:21:59 #37 type.registry] 
New type java.util.Vector<domain.Apustua>

[2022-11-14 20:21:59 #38 type] 
Type domain.Transaction is not enhanced.

[2022-11-14 20:21:59 #39 type] 
Type domain.Quote is not enhanced.

[2022-11-14 20:21:59 #40 type] 
Type domain.Apustua is not enhanced.

[2022-11-14 20:21:59 #41 type.registry] 
New type domain.Admin

[2022-11-14 20:21:59 #42 type] 
Type domain.Admin is not enhanced.

[2022-11-14 20:21:59 #43 type.registry] 
New type java.util.Vector<java.lang.Object>

