------------------------------------------------------------------------------------------------------------------------

[2022-11-08 10:50:52 #1 store] 
Database '/home/oier/git/ProyectoIS2/src/main/resources/bets.temp' has been recovered (tr. 23-24)

[2022-11-08 10:50:52 #2 store] 
Database '/home/oier/git/ProyectoIS2/src/main/resources/bets.temp' is opened by 4178@pc-oier

[2022-11-08 10:50:52 #3 type] 
Type domain.Team is not enhanced.

[2022-11-08 10:50:52 #4 type] 
Type domain.Event is not enhanced.

[2022-11-08 10:50:52 #5 type] 
Type domain.User is not enhanced.

[2022-11-08 10:50:52 #6 type] 
Type domain.Registered is not enhanced.

[2022-11-08 10:50:52 #7 type] 
Type domain.Sport is not enhanced.

[2022-11-08 10:50:52 #8 type] 
Type domain.Question is not enhanced.

[2022-11-08 10:50:52 #9 type] 
Type domain.Elkarrizketa is not enhanced.

[2022-11-08 10:50:52 #10 type] 
Type domain.Message is not enhanced.

[2022-11-08 10:50:52 #11 type] 
Type domain.KirolEstatistikak is not enhanced.

[2022-11-08 10:50:52 #12 type] 
Type domain.Jarraitzailea is not enhanced.

[2022-11-08 10:50:52 #13 type] 
Type domain.ApustuAnitza is not enhanced.

[2022-11-08 10:50:52 #14 type] 
Type domain.Transaction is not enhanced.

[2022-11-08 10:50:52 #15 type] 
Type domain.Quote is not enhanced.

[2022-11-08 10:50:52 #16 type] 
Type domain.Apustua is not enhanced.

[2022-11-08 10:50:52 #17 type] 
Type domain.Admin is not enhanced.

------------------------------------------------------------------------------------------------------------------------

[2022-11-08 14:24:05 #1 store] 
Database '/home/oier/git/ProyectoIS2/src/main/resources/bets.temp' is opened by 3789@pc-oier

[2022-11-08 14:24:05 #2 type.registry] 
New type domain.User

[2022-11-08 14:24:05 #3 type.registry] 
New type domain.Registered

[2022-11-08 14:24:05 #4 type] 
Type domain.User is not enhanced.

[2022-11-08 14:24:05 #5 type.registry] 
New type domain.Elkarrizketa

[2022-11-08 14:24:05 #6 type.registry] 
New type java.util.Vector<domain.Elkarrizketa>

[2022-11-08 14:24:05 #7 type.registry] 
New type domain.Message

[2022-11-08 14:24:05 #8 type.registry] 
New type java.util.Vector<domain.Message>

[2022-11-08 14:24:05 #9 type] 
Type domain.Registered is not enhanced.

[2022-11-08 14:24:05 #10 type.registry] 
New type domain.Team

[2022-11-08 14:24:05 #11 type.registry] 
New type domain.KirolEstatistikak

[2022-11-08 14:24:05 #12 type.registry] 
New type java.util.Vector<domain.KirolEstatistikak>

[2022-11-08 14:24:05 #13 type.registry] 
New type domain.Jarraitzailea

[2022-11-08 14:24:05 #14 type.registry] 
New type java.util.Vector<domain.Jarraitzailea>

[2022-11-08 14:24:05 #15 type.registry] 
New type domain.ApustuAnitza

[2022-11-08 14:24:05 #16 type.registry] 
New type java.util.Vector<domain.ApustuAnitza>

[2022-11-08 14:24:05 #17 type.registry] 
New type domain.Transaction

[2022-11-08 14:24:05 #18 type.registry] 
New type java.util.Vector<domain.Transaction>

[2022-11-08 14:24:05 #19 type] 
Type domain.Elkarrizketa is not enhanced.

[2022-11-08 14:24:05 #20 type] 
Type domain.Message is not enhanced.

[2022-11-08 14:24:05 #21 type] 
Type domain.Team is not enhanced.

[2022-11-08 14:24:05 #22 type.registry] 
New type domain.Event

[2022-11-08 14:24:05 #23 type.registry] 
New type java.util.Vector<domain.Event>

[2022-11-08 14:24:05 #24 type.registry] 
New type java.util.Vector<domain.Registered>

[2022-11-08 14:24:05 #25 type] 
Type domain.KirolEstatistikak is not enhanced.

[2022-11-08 14:24:05 #26 type.registry] 
New type domain.Sport

[2022-11-08 14:24:05 #27 type] 
Type domain.Jarraitzailea is not enhanced.

[2022-11-08 14:24:05 #28 type] 
Type domain.ApustuAnitza is not enhanced.

[2022-11-08 14:24:05 #29 type.registry] 
New type domain.Apustua

[2022-11-08 14:24:05 #30 type.registry] 
New type java.util.Vector<domain.Apustua>

[2022-11-08 14:24:05 #31 type] 
Type domain.Transaction is not enhanced.

[2022-11-08 14:24:05 #32 type] 
Type domain.Event is not enhanced.

[2022-11-08 14:24:05 #33 type.registry] 
New type domain.Question

[2022-11-08 14:24:05 #34 type.registry] 
New type java.util.Vector<domain.Question>

[2022-11-08 14:24:05 #35 type] 
Type domain.Sport is not enhanced.

[2022-11-08 14:24:05 #36 type] 
Type domain.Apustua is not enhanced.

[2022-11-08 14:24:05 #37 type.registry] 
New type domain.Quote

[2022-11-08 14:24:05 #38 type] 
Type domain.Question is not enhanced.

[2022-11-08 14:24:05 #39 type.registry] 
New type java.util.Vector<domain.Quote>

[2022-11-08 14:24:05 #40 type] 
Type domain.Quote is not enhanced.

[2022-11-08 14:24:05 #41 type.registry] 
New type java.util.Vector<java.lang.Object>

------------------------------------------------------------------------------------------------------------------------

[2022-11-08 14:26:00 #1 store] 
Database '/home/oier/git/ProyectoIS2/src/main/resources/bets.temp' has been recovered (tr. 1-8)

[2022-11-08 14:26:00 #2 store] 
Database '/home/oier/git/ProyectoIS2/src/main/resources/bets.temp' is opened by 3940@pc-oier

[2022-11-08 14:26:00 #3 type] 
Type domain.User is not enhanced.

[2022-11-08 14:26:00 #4 type] 
Type domain.Registered is not enhanced.

[2022-11-08 14:26:00 #5 type] 
Type domain.Elkarrizketa is not enhanced.

[2022-11-08 14:26:00 #6 type] 
Type domain.Message is not enhanced.

[2022-11-08 14:26:00 #7 type] 
Type domain.Team is not enhanced.

[2022-11-08 14:26:00 #8 type] 
Type domain.KirolEstatistikak is not enhanced.

[2022-11-08 14:26:00 #9 type] 
Type domain.Jarraitzailea is not enhanced.

[2022-11-08 14:26:00 #10 type] 
Type domain.ApustuAnitza is not enhanced.

[2022-11-08 14:26:00 #11 type] 
Type domain.Transaction is not enhanced.

[2022-11-08 14:26:00 #12 type] 
Type domain.Event is not enhanced.

[2022-11-08 14:26:00 #13 type] 
Type domain.Sport is not enhanced.

[2022-11-08 14:26:00 #14 type] 
Type domain.Apustua is not enhanced.

[2022-11-08 14:26:00 #15 type] 
Type domain.Question is not enhanced.

[2022-11-08 14:26:00 #16 type] 
Type domain.Quote is not enhanced.

------------------------------------------------------------------------------------------------------------------------

[2022-11-08 14:30:19 #1 store] 
Database '/home/oier/git/ProyectoIS2/src/main/resources/bets.temp' has been recovered (tr. 10-14)

[2022-11-08 14:30:19 #2 store] 
Database '/home/oier/git/ProyectoIS2/src/main/resources/bets.temp' is opened by 4252@pc-oier

[2022-11-08 14:30:19 #3 type] 
Type domain.User is not enhanced.

[2022-11-08 14:30:19 #4 type] 
Type domain.Registered is not enhanced.

[2022-11-08 14:30:19 #5 type] 
Type domain.Elkarrizketa is not enhanced.

[2022-11-08 14:30:19 #6 type] 
Type domain.Message is not enhanced.

[2022-11-08 14:30:19 #7 type] 
Type domain.Team is not enhanced.

[2022-11-08 14:30:19 #8 type] 
Type domain.KirolEstatistikak is not enhanced.

[2022-11-08 14:30:19 #9 type] 
Type domain.Jarraitzailea is not enhanced.

[2022-11-08 14:30:19 #10 type] 
Type domain.ApustuAnitza is not enhanced.

[2022-11-08 14:30:19 #11 type] 
Type domain.Transaction is not enhanced.

[2022-11-08 14:30:19 #12 type] 
Type domain.Event is not enhanced.

[2022-11-08 14:30:19 #13 type] 
Type domain.Sport is not enhanced.

[2022-11-08 14:30:19 #14 type] 
Type domain.Apustua is not enhanced.

[2022-11-08 14:30:19 #15 type] 
Type domain.Question is not enhanced.

[2022-11-08 14:30:19 #16 type] 
Type domain.Quote is not enhanced.

------------------------------------------------------------------------------------------------------------------------

[2022-11-08 14:30:51 #1 store] 
Database '/home/oier/git/ProyectoIS2/src/main/resources/bets.temp' has been recovered (tr. 16-20)

[2022-11-08 14:30:51 #2 store] 
Database '/home/oier/git/ProyectoIS2/src/main/resources/bets.temp' is opened by 4339@pc-oier

[2022-11-08 14:30:51 #3 type] 
Type domain.User is not enhanced.

[2022-11-08 14:30:51 #4 type] 
Type domain.Registered is not enhanced.

[2022-11-08 14:30:51 #5 type] 
Type domain.Elkarrizketa is not enhanced.

[2022-11-08 14:30:51 #6 type] 
Type domain.Message is not enhanced.

[2022-11-08 14:30:51 #7 type] 
Type domain.Team is not enhanced.

[2022-11-08 14:30:51 #8 type] 
Type domain.KirolEstatistikak is not enhanced.

[2022-11-08 14:30:51 #9 type] 
Type domain.Jarraitzailea is not enhanced.

[2022-11-08 14:30:51 #10 type] 
Type domain.ApustuAnitza is not enhanced.

[2022-11-08 14:30:51 #11 type] 
Type domain.Transaction is not enhanced.

[2022-11-08 14:30:51 #12 type] 
Type domain.Event is not enhanced.

[2022-11-08 14:30:51 #13 type] 
Type domain.Sport is not enhanced.

[2022-11-08 14:30:51 #14 type] 
Type domain.Apustua is not enhanced.

[2022-11-08 14:30:51 #15 type] 
Type domain.Question is not enhanced.

[2022-11-08 14:30:51 #16 type] 
Type domain.Quote is not enhanced.

------------------------------------------------------------------------------------------------------------------------

[2022-11-08 14:31:42 #1 store] 
Database '/home/oier/git/ProyectoIS2/src/main/resources/bets.temp' has been recovered (tr. 22-26)

[2022-11-08 14:31:42 #2 store] 
Database '/home/oier/git/ProyectoIS2/src/main/resources/bets.temp' is opened by 4449@pc-oier

[2022-11-08 14:31:42 #3 type] 
Type domain.User is not enhanced.

[2022-11-08 14:31:42 #4 type] 
Type domain.Registered is not enhanced.

[2022-11-08 14:31:42 #5 type] 
Type domain.Elkarrizketa is not enhanced.

[2022-11-08 14:31:42 #6 type] 
Type domain.Message is not enhanced.

[2022-11-08 14:31:42 #7 type] 
Type domain.Team is not enhanced.

[2022-11-08 14:31:42 #8 type] 
Type domain.KirolEstatistikak is not enhanced.

[2022-11-08 14:31:42 #9 type] 
Type domain.Jarraitzailea is not enhanced.

[2022-11-08 14:31:42 #10 type] 
Type domain.ApustuAnitza is not enhanced.

[2022-11-08 14:31:42 #11 type] 
Type domain.Transaction is not enhanced.

[2022-11-08 14:31:42 #12 type] 
Type domain.Event is not enhanced.

[2022-11-08 14:31:42 #13 type] 
Type domain.Sport is not enhanced.

[2022-11-08 14:31:42 #14 type] 
Type domain.Apustua is not enhanced.

[2022-11-08 14:31:42 #15 type] 
Type domain.Question is not enhanced.

[2022-11-08 14:31:42 #16 type] 
Type domain.Quote is not enhanced.

------------------------------------------------------------------------------------------------------------------------

[2022-11-08 14:32:33 #1 store] 
Database '/home/oier/git/ProyectoIS2/src/main/resources/bets.temp' has been recovered (tr. 28-32)

[2022-11-08 14:32:33 #2 store] 
Database '/home/oier/git/ProyectoIS2/src/main/resources/bets.temp' is opened by 4513@pc-oier

[2022-11-08 14:32:33 #3 type] 
Type domain.User is not enhanced.

[2022-11-08 14:32:33 #4 type] 
Type domain.Registered is not enhanced.

[2022-11-08 14:32:33 #5 type] 
Type domain.Elkarrizketa is not enhanced.

[2022-11-08 14:32:33 #6 type] 
Type domain.Message is not enhanced.

[2022-11-08 14:32:33 #7 type] 
Type domain.Team is not enhanced.

[2022-11-08 14:32:33 #8 type] 
Type domain.KirolEstatistikak is not enhanced.

[2022-11-08 14:32:33 #9 type] 
Type domain.Jarraitzailea is not enhanced.

[2022-11-08 14:32:33 #10 type] 
Type domain.ApustuAnitza is not enhanced.

[2022-11-08 14:32:33 #11 type] 
Type domain.Transaction is not enhanced.

[2022-11-08 14:32:33 #12 type] 
Type domain.Event is not enhanced.

[2022-11-08 14:32:33 #13 type] 
Type domain.Sport is not enhanced.

[2022-11-08 14:32:33 #14 type] 
Type domain.Apustua is not enhanced.

[2022-11-08 14:32:33 #15 type] 
Type domain.Question is not enhanced.

[2022-11-08 14:32:33 #16 type] 
Type domain.Quote is not enhanced.

------------------------------------------------------------------------------------------------------------------------

[2022-11-08 14:33:12 #1 store] 
Database '/home/oier/git/ProyectoIS2/src/main/resources/bets.temp' has been recovered (tr. 34-38)

[2022-11-08 14:33:12 #2 store] 
Database '/home/oier/git/ProyectoIS2/src/main/resources/bets.temp' is opened by 4606@pc-oier

[2022-11-08 14:33:12 #3 type] 
Type domain.User is not enhanced.

[2022-11-08 14:33:12 #4 type] 
Type domain.Registered is not enhanced.

[2022-11-08 14:33:12 #5 type] 
Type domain.Elkarrizketa is not enhanced.

[2022-11-08 14:33:12 #6 type] 
Type domain.Message is not enhanced.

[2022-11-08 14:33:12 #7 type] 
Type domain.Team is not enhanced.

[2022-11-08 14:33:12 #8 type] 
Type domain.KirolEstatistikak is not enhanced.

[2022-11-08 14:33:12 #9 type] 
Type domain.Jarraitzailea is not enhanced.

[2022-11-08 14:33:12 #10 type] 
Type domain.ApustuAnitza is not enhanced.

[2022-11-08 14:33:12 #11 type] 
Type domain.Transaction is not enhanced.

[2022-11-08 14:33:12 #12 type] 
Type domain.Event is not enhanced.

[2022-11-08 14:33:12 #13 type] 
Type domain.Sport is not enhanced.

[2022-11-08 14:33:12 #14 type] 
Type domain.Apustua is not enhanced.

[2022-11-08 14:33:12 #15 type] 
Type domain.Question is not enhanced.

[2022-11-08 14:33:12 #16 type] 
Type domain.Quote is not enhanced.

------------------------------------------------------------------------------------------------------------------------

[2022-11-08 14:33:35 #1 store] 
Database '/home/oier/git/ProyectoIS2/src/main/resources/bets.temp' has been recovered (tr. 40-44)

[2022-11-08 14:33:35 #2 store] 
Database '/home/oier/git/ProyectoIS2/src/main/resources/bets.temp' is opened by 4653@pc-oier

[2022-11-08 14:33:35 #3 type] 
Type domain.User is not enhanced.

[2022-11-08 14:33:35 #4 type] 
Type domain.Registered is not enhanced.

[2022-11-08 14:33:35 #5 type] 
Type domain.Elkarrizketa is not enhanced.

[2022-11-08 14:33:35 #6 type] 
Type domain.Message is not enhanced.

[2022-11-08 14:33:35 #7 type] 
Type domain.Team is not enhanced.

[2022-11-08 14:33:35 #8 type] 
Type domain.KirolEstatistikak is not enhanced.

[2022-11-08 14:33:35 #9 type] 
Type domain.Jarraitzailea is not enhanced.

[2022-11-08 14:33:35 #10 type] 
Type domain.ApustuAnitza is not enhanced.

[2022-11-08 14:33:35 #11 type] 
Type domain.Transaction is not enhanced.

[2022-11-08 14:33:35 #12 type] 
Type domain.Event is not enhanced.

[2022-11-08 14:33:35 #13 type] 
Type domain.Sport is not enhanced.

[2022-11-08 14:33:35 #14 type] 
Type domain.Apustua is not enhanced.

[2022-11-08 14:33:35 #15 type] 
Type domain.Question is not enhanced.

[2022-11-08 14:33:35 #16 type] 
Type domain.Quote is not enhanced.

------------------------------------------------------------------------------------------------------------------------

[2022-11-08 14:35:30 #1 store] 
Database '/home/oier/git/ProyectoIS2/src/main/resources/bets.temp' is opened by 4792@pc-oier

[2022-11-08 14:35:30 #2 type] 
Type domain.User is not enhanced.

[2022-11-08 14:35:30 #3 type] 
Type domain.Registered is not enhanced.

[2022-11-08 14:35:30 #4 type] 
Type domain.Elkarrizketa is not enhanced.

[2022-11-08 14:35:30 #5 type] 
Type domain.Message is not enhanced.

[2022-11-08 14:35:30 #6 type] 
Type domain.Team is not enhanced.

[2022-11-08 14:35:30 #7 type] 
Type domain.KirolEstatistikak is not enhanced.

[2022-11-08 14:35:30 #8 type] 
Type domain.Jarraitzailea is not enhanced.

[2022-11-08 14:35:30 #9 type] 
Type domain.ApustuAnitza is not enhanced.

[2022-11-08 14:35:30 #10 type] 
Type domain.Transaction is not enhanced.

[2022-11-08 14:35:30 #11 type] 
Type domain.Event is not enhanced.

[2022-11-08 14:35:30 #12 type] 
Type domain.Sport is not enhanced.

[2022-11-08 14:35:30 #13 type] 
Type domain.Apustua is not enhanced.

[2022-11-08 14:35:30 #14 type] 
Type domain.Question is not enhanced.

[2022-11-08 14:35:30 #15 type] 
Type domain.Quote is not enhanced.

------------------------------------------------------------------------------------------------------------------------

[2022-11-08 14:40:28 #1 store] 
Database '/home/oier/git/ProyectoIS2/src/main/resources/bets.temp' is opened by 5014@pc-oier

[2022-11-08 14:40:28 #2 type] 
Type domain.User is not enhanced.

[2022-11-08 14:40:28 #3 type] 
Type domain.Registered is not enhanced.

[2022-11-08 14:40:28 #4 type] 
Type domain.Elkarrizketa is not enhanced.

[2022-11-08 14:40:28 #5 type] 
Type domain.Message is not enhanced.

[2022-11-08 14:40:28 #6 type] 
Type domain.Team is not enhanced.

[2022-11-08 14:40:28 #7 type] 
Type domain.KirolEstatistikak is not enhanced.

[2022-11-08 14:40:28 #8 type] 
Type domain.Jarraitzailea is not enhanced.

[2022-11-08 14:40:28 #9 type] 
Type domain.ApustuAnitza is not enhanced.

[2022-11-08 14:40:28 #10 type] 
Type domain.Transaction is not enhanced.

[2022-11-08 14:40:28 #11 type] 
Type domain.Event is not enhanced.

[2022-11-08 14:40:28 #12 type] 
Type domain.Sport is not enhanced.

[2022-11-08 14:40:28 #13 type] 
Type domain.Apustua is not enhanced.

[2022-11-08 14:40:28 #14 type] 
Type domain.Question is not enhanced.

[2022-11-08 14:40:28 #15 type] 
Type domain.Quote is not enhanced.

------------------------------------------------------------------------------------------------------------------------

[2022-11-08 14:41:26 #1 store] 
Database '/home/oier/git/ProyectoIS2/src/main/resources/bets.temp' is opened by 5084@pc-oier

[2022-11-08 14:41:26 #2 type] 
Type domain.User is not enhanced.

[2022-11-08 14:41:26 #3 type] 
Type domain.Registered is not enhanced.

[2022-11-08 14:41:26 #4 type] 
Type domain.Elkarrizketa is not enhanced.

[2022-11-08 14:41:26 #5 type] 
Type domain.Message is not enhanced.

[2022-11-08 14:41:26 #6 type] 
Type domain.Team is not enhanced.

[2022-11-08 14:41:26 #7 type] 
Type domain.KirolEstatistikak is not enhanced.

[2022-11-08 14:41:26 #8 type] 
Type domain.Jarraitzailea is not enhanced.

[2022-11-08 14:41:26 #9 type] 
Type domain.ApustuAnitza is not enhanced.

[2022-11-08 14:41:26 #10 type] 
Type domain.Transaction is not enhanced.

[2022-11-08 14:41:26 #11 type] 
Type domain.Event is not enhanced.

[2022-11-08 14:41:26 #12 type] 
Type domain.Sport is not enhanced.

[2022-11-08 14:41:26 #13 type] 
Type domain.Apustua is not enhanced.

[2022-11-08 14:41:26 #14 type] 
Type domain.Question is not enhanced.

[2022-11-08 14:41:26 #15 type] 
Type domain.Quote is not enhanced.

------------------------------------------------------------------------------------------------------------------------

[2022-11-08 14:42:29 #1 store] 
Database '/home/oier/git/ProyectoIS2/src/main/resources/bets.temp' is opened by 5232@pc-oier

[2022-11-08 14:42:29 #2 type.registry] 
New type domain.Team

[2022-11-08 14:42:29 #3 type] 
Type domain.Team is not enhanced.

[2022-11-08 14:42:29 #4 type.registry] 
New type domain.Event

[2022-11-08 14:42:29 #5 type.registry] 
New type java.util.Vector<domain.Event>

[2022-11-08 14:42:29 #6 type.registry] 
New type domain.User

[2022-11-08 14:42:29 #7 type.registry] 
New type domain.Registered

[2022-11-08 14:42:29 #8 type.registry] 
New type java.util.Vector<domain.Registered>

[2022-11-08 14:42:29 #9 type] 
Type domain.Event is not enhanced.

[2022-11-08 14:42:29 #10 type.registry] 
New type domain.Sport

[2022-11-08 14:42:29 #11 type.registry] 
New type domain.Question

[2022-11-08 14:42:29 #12 type.registry] 
New type java.util.Vector<domain.Question>

[2022-11-08 14:42:29 #13 type] 
Type domain.User is not enhanced.

[2022-11-08 14:42:29 #14 type.registry] 
New type domain.Elkarrizketa

[2022-11-08 14:42:29 #15 type.registry] 
New type java.util.Vector<domain.Elkarrizketa>

[2022-11-08 14:42:29 #16 type.registry] 
New type domain.Message

[2022-11-08 14:42:29 #17 type.registry] 
New type java.util.Vector<domain.Message>

[2022-11-08 14:42:29 #18 type] 
Type domain.Registered is not enhanced.

[2022-11-08 14:42:29 #19 type.registry] 
New type domain.KirolEstatistikak

[2022-11-08 14:42:29 #20 type.registry] 
New type java.util.Vector<domain.KirolEstatistikak>

[2022-11-08 14:42:29 #21 type.registry] 
New type domain.Jarraitzailea

[2022-11-08 14:42:29 #22 type.registry] 
New type java.util.Vector<domain.Jarraitzailea>

[2022-11-08 14:42:29 #23 type.registry] 
New type domain.ApustuAnitza

[2022-11-08 14:42:29 #24 type.registry] 
New type java.util.Vector<domain.ApustuAnitza>

[2022-11-08 14:42:29 #25 type.registry] 
New type domain.Transaction

[2022-11-08 14:42:29 #26 type.registry] 
New type java.util.Vector<domain.Transaction>

[2022-11-08 14:42:29 #27 type] 
Type domain.Sport is not enhanced.

[2022-11-08 14:42:29 #28 type] 
Type domain.Question is not enhanced.

[2022-11-08 14:42:29 #29 type.registry] 
New type domain.Quote

[2022-11-08 14:42:29 #30 type.registry] 
New type java.util.Vector<domain.Quote>

[2022-11-08 14:42:29 #31 type] 
Type domain.Elkarrizketa is not enhanced.

[2022-11-08 14:42:29 #32 type] 
Type domain.Message is not enhanced.

[2022-11-08 14:42:29 #33 type] 
Type domain.KirolEstatistikak is not enhanced.

[2022-11-08 14:42:29 #34 type] 
Type domain.Jarraitzailea is not enhanced.

[2022-11-08 14:42:29 #35 type] 
Type domain.ApustuAnitza is not enhanced.

[2022-11-08 14:42:29 #36 type.registry] 
New type domain.Apustua

[2022-11-08 14:42:29 #37 type.registry] 
New type java.util.Vector<domain.Apustua>

[2022-11-08 14:42:29 #38 type] 
Type domain.Transaction is not enhanced.

[2022-11-08 14:42:29 #39 type] 
Type domain.Quote is not enhanced.

[2022-11-08 14:42:29 #40 type] 
Type domain.Apustua is not enhanced.

[2022-11-08 14:42:29 #41 type.registry] 
New type domain.Admin

[2022-11-08 14:42:29 #42 type] 
Type domain.Admin is not enhanced.

[2022-11-08 14:42:29 #43 type.registry] 
New type java.util.Vector<java.lang.Object>

------------------------------------------------------------------------------------------------------------------------

[2022-11-08 14:43:00 #1 store] 
Database '/home/oier/git/ProyectoIS2/src/main/resources/bets.temp' is opened by 5408@pc-oier

[2022-11-08 14:43:00 #2 type] 
Type domain.Team is not enhanced.

[2022-11-08 14:43:00 #3 type] 
Type domain.Event is not enhanced.

[2022-11-08 14:43:00 #4 type] 
Type domain.User is not enhanced.

[2022-11-08 14:43:00 #5 type] 
Type domain.Registered is not enhanced.

[2022-11-08 14:43:00 #6 type] 
Type domain.Sport is not enhanced.

[2022-11-08 14:43:00 #7 type] 
Type domain.Question is not enhanced.

[2022-11-08 14:43:00 #8 type] 
Type domain.Elkarrizketa is not enhanced.

[2022-11-08 14:43:00 #9 type] 
Type domain.Message is not enhanced.

[2022-11-08 14:43:01 #10 type] 
Type domain.KirolEstatistikak is not enhanced.

[2022-11-08 14:43:01 #11 type] 
Type domain.Jarraitzailea is not enhanced.

[2022-11-08 14:43:01 #12 type] 
Type domain.ApustuAnitza is not enhanced.

[2022-11-08 14:43:01 #13 type] 
Type domain.Transaction is not enhanced.

[2022-11-08 14:43:01 #14 type] 
Type domain.Quote is not enhanced.

[2022-11-08 14:43:01 #15 type] 
Type domain.Apustua is not enhanced.

[2022-11-08 14:43:01 #16 type] 
Type domain.Admin is not enhanced.

------------------------------------------------------------------------------------------------------------------------

[2022-11-08 14:43:39 #1 store] 
Database '/home/oier/git/ProyectoIS2/src/main/resources/bets.temp' has been recovered (tr. 11-15)

[2022-11-08 14:43:40 #2 store] 
Database '/home/oier/git/ProyectoIS2/src/main/resources/bets.temp' is opened by 5481@pc-oier

[2022-11-08 14:43:40 #3 type] 
Type domain.Team is not enhanced.

[2022-11-08 14:43:40 #4 type] 
Type domain.Event is not enhanced.

[2022-11-08 14:43:40 #5 type] 
Type domain.User is not enhanced.

[2022-11-08 14:43:40 #6 type] 
Type domain.Registered is not enhanced.

[2022-11-08 14:43:40 #7 type] 
Type domain.Sport is not enhanced.

[2022-11-08 14:43:40 #8 type] 
Type domain.Question is not enhanced.

[2022-11-08 14:43:40 #9 type] 
Type domain.Elkarrizketa is not enhanced.

[2022-11-08 14:43:40 #10 type] 
Type domain.Message is not enhanced.

[2022-11-08 14:43:40 #11 type] 
Type domain.KirolEstatistikak is not enhanced.

[2022-11-08 14:43:40 #12 type] 
Type domain.Jarraitzailea is not enhanced.

[2022-11-08 14:43:40 #13 type] 
Type domain.ApustuAnitza is not enhanced.

[2022-11-08 14:43:40 #14 type] 
Type domain.Transaction is not enhanced.

[2022-11-08 14:43:40 #15 type] 
Type domain.Quote is not enhanced.

[2022-11-08 14:43:40 #16 type] 
Type domain.Apustua is not enhanced.

[2022-11-08 14:43:40 #17 type] 
Type domain.Admin is not enhanced.

------------------------------------------------------------------------------------------------------------------------

[2022-11-08 14:45:56 #1 store] 
Database '/home/oier/git/ProyectoIS2/src/main/resources/bets.temp' has been recovered (tr. 16-19)

[2022-11-08 14:45:56 #2 store] 
Database '/home/oier/git/ProyectoIS2/src/main/resources/bets.temp' is opened by 5823@pc-oier

[2022-11-08 14:45:56 #3 type] 
Type domain.Team is not enhanced.

[2022-11-08 14:45:56 #4 type] 
Type domain.Event is not enhanced.

[2022-11-08 14:45:56 #5 type] 
Type domain.User is not enhanced.

[2022-11-08 14:45:56 #6 type] 
Type domain.Registered is not enhanced.

[2022-11-08 14:45:56 #7 type] 
Type domain.Sport is not enhanced.

[2022-11-08 14:45:56 #8 type] 
Type domain.Question is not enhanced.

[2022-11-08 14:45:56 #9 type] 
Type domain.Elkarrizketa is not enhanced.

[2022-11-08 14:45:56 #10 type] 
Type domain.Message is not enhanced.

[2022-11-08 14:45:56 #11 type] 
Type domain.KirolEstatistikak is not enhanced.

[2022-11-08 14:45:56 #12 type] 
Type domain.Jarraitzailea is not enhanced.

[2022-11-08 14:45:56 #13 type] 
Type domain.ApustuAnitza is not enhanced.

[2022-11-08 14:45:56 #14 type] 
Type domain.Transaction is not enhanced.

[2022-11-08 14:45:56 #15 type] 
Type domain.Quote is not enhanced.

[2022-11-08 14:45:56 #16 type] 
Type domain.Apustua is not enhanced.

[2022-11-08 14:45:56 #17 type] 
Type domain.Admin is not enhanced.

------------------------------------------------------------------------------------------------------------------------

[2022-11-08 14:52:16 #1 store] 
Database '/home/oier/git/ProyectoIS2/src/main/resources/bets.temp' has been recovered (tr. 21-29)

[2022-11-08 14:52:17 #2 store] 
Database '/home/oier/git/ProyectoIS2/src/main/resources/bets.temp' is opened by 6498@pc-oier

[2022-11-08 14:52:17 #3 type] 
Type domain.Team is not enhanced.

[2022-11-08 14:52:17 #4 type] 
Type domain.Event is not enhanced.

[2022-11-08 14:52:17 #5 type] 
Type domain.User is not enhanced.

[2022-11-08 14:52:17 #6 type] 
Type domain.Registered is not enhanced.

[2022-11-08 14:52:17 #7 type] 
Type domain.Sport is not enhanced.

[2022-11-08 14:52:17 #8 type] 
Type domain.Question is not enhanced.

[2022-11-08 14:52:17 #9 type] 
Type domain.Elkarrizketa is not enhanced.

[2022-11-08 14:52:17 #10 type] 
Type domain.Message is not enhanced.

[2022-11-08 14:52:17 #11 type] 
Type domain.KirolEstatistikak is not enhanced.

[2022-11-08 14:52:17 #12 type] 
Type domain.Jarraitzailea is not enhanced.

[2022-11-08 14:52:17 #13 type] 
Type domain.ApustuAnitza is not enhanced.

[2022-11-08 14:52:17 #14 type] 
Type domain.Transaction is not enhanced.

[2022-11-08 14:52:17 #15 type] 
Type domain.Quote is not enhanced.

[2022-11-08 14:52:17 #16 type] 
Type domain.Apustua is not enhanced.

[2022-11-08 14:52:17 #17 type] 
Type domain.Admin is not enhanced.

------------------------------------------------------------------------------------------------------------------------

[2022-11-08 14:52:28 #1 store] 
Database '/home/oier/git/ProyectoIS2/src/main/resources/bets.temp' has been recovered (tr. 31-39)

[2022-11-08 14:52:28 #2 store] 
Database '/home/oier/git/ProyectoIS2/src/main/resources/bets.temp' is opened by 6579@pc-oier

[2022-11-08 14:52:29 #3 type] 
Type domain.Team is not enhanced.

[2022-11-08 14:52:29 #4 type] 
Type domain.Event is not enhanced.

[2022-11-08 14:52:29 #5 type] 
Type domain.User is not enhanced.

[2022-11-08 14:52:29 #6 type] 
Type domain.Registered is not enhanced.

[2022-11-08 14:52:29 #7 type] 
Type domain.Sport is not enhanced.

[2022-11-08 14:52:29 #8 type] 
Type domain.Question is not enhanced.

[2022-11-08 14:52:29 #9 type] 
Type domain.Elkarrizketa is not enhanced.

[2022-11-08 14:52:29 #10 type] 
Type domain.Message is not enhanced.

[2022-11-08 14:52:29 #11 type] 
Type domain.KirolEstatistikak is not enhanced.

[2022-11-08 14:52:29 #12 type] 
Type domain.Jarraitzailea is not enhanced.

[2022-11-08 14:52:29 #13 type] 
Type domain.ApustuAnitza is not enhanced.

[2022-11-08 14:52:29 #14 type] 
Type domain.Transaction is not enhanced.

[2022-11-08 14:52:29 #15 type] 
Type domain.Quote is not enhanced.

[2022-11-08 14:52:29 #16 type] 
Type domain.Apustua is not enhanced.

[2022-11-08 14:52:29 #17 type] 
Type domain.Admin is not enhanced.

------------------------------------------------------------------------------------------------------------------------

[2022-11-08 15:00:18 #1 store] 
Database '/home/oier/git/ProyectoIS2/src/main/resources/bets.temp' has been recovered (tr. 41-49)

[2022-11-08 15:00:18 #2 store] 
Database '/home/oier/git/ProyectoIS2/src/main/resources/bets.temp' is opened by 7049@pc-oier

[2022-11-08 15:00:18 #3 type] 
Type domain.Team is not enhanced.

[2022-11-08 15:00:18 #4 type] 
Type domain.Event is not enhanced.

[2022-11-08 15:00:18 #5 type] 
Type domain.User is not enhanced.

[2022-11-08 15:00:18 #6 type] 
Type domain.Registered is not enhanced.

[2022-11-08 15:00:18 #7 type] 
Type domain.Sport is not enhanced.

[2022-11-08 15:00:18 #8 type] 
Type domain.Question is not enhanced.

[2022-11-08 15:00:18 #9 type] 
Type domain.Elkarrizketa is not enhanced.

[2022-11-08 15:00:18 #10 type] 
Type domain.Message is not enhanced.

[2022-11-08 15:00:18 #11 type] 
Type domain.KirolEstatistikak is not enhanced.

[2022-11-08 15:00:18 #12 type] 
Type domain.Jarraitzailea is not enhanced.

[2022-11-08 15:00:18 #13 type] 
Type domain.ApustuAnitza is not enhanced.

[2022-11-08 15:00:18 #14 type] 
Type domain.Transaction is not enhanced.

[2022-11-08 15:00:18 #15 type] 
Type domain.Quote is not enhanced.

[2022-11-08 15:00:18 #16 type] 
Type domain.Apustua is not enhanced.

[2022-11-08 15:00:18 #17 type] 
Type domain.Admin is not enhanced.

