------------------------------------------------------------------------------------------------------------------------

[2022-11-07 23:39:59 #1 store] 
Database '/home/oier/git/ProyectoIS2/src/main/resources/bets.temp' is opened by 11755@pc-oier

[2022-11-07 23:39:59 #2 type.registry] 
New type domain.Team

[2022-11-07 23:39:59 #3 type] 
Type domain.Team is not enhanced.

[2022-11-07 23:39:59 #4 type.registry] 
New type domain.Event

[2022-11-07 23:39:59 #5 type.registry] 
New type java.util.Vector<domain.Event>

[2022-11-07 23:39:59 #6 type.registry] 
New type domain.User

[2022-11-07 23:39:59 #7 type.registry] 
New type domain.Registered

[2022-11-07 23:39:59 #8 type.registry] 
New type java.util.Vector<domain.Registered>

[2022-11-07 23:39:59 #9 type] 
Type domain.Event is not enhanced.

[2022-11-07 23:39:59 #10 type.registry] 
New type domain.Sport

[2022-11-07 23:39:59 #11 type.registry] 
New type domain.Question

[2022-11-07 23:39:59 #12 type.registry] 
New type java.util.Vector<domain.Question>

[2022-11-07 23:39:59 #13 type] 
Type domain.User is not enhanced.

[2022-11-07 23:39:59 #14 type.registry] 
New type domain.Elkarrizketa

[2022-11-07 23:39:59 #15 type.registry] 
New type java.util.Vector<domain.Elkarrizketa>

[2022-11-07 23:39:59 #16 type.registry] 
New type domain.Message

[2022-11-07 23:39:59 #17 type.registry] 
New type java.util.Vector<domain.Message>

[2022-11-07 23:39:59 #18 type] 
Type domain.Registered is not enhanced.

[2022-11-07 23:39:59 #19 type.registry] 
New type domain.KirolEstatistikak

[2022-11-07 23:39:59 #20 type.registry] 
New type java.util.Vector<domain.KirolEstatistikak>

[2022-11-07 23:39:59 #21 type.registry] 
New type domain.Jarraitzailea

[2022-11-07 23:39:59 #22 type.registry] 
New type java.util.Vector<domain.Jarraitzailea>

[2022-11-07 23:39:59 #23 type.registry] 
New type domain.ApustuAnitza

[2022-11-07 23:39:59 #24 type.registry] 
New type java.util.Vector<domain.ApustuAnitza>

[2022-11-07 23:39:59 #25 type.registry] 
New type domain.Transaction

[2022-11-07 23:39:59 #26 type.registry] 
New type java.util.Vector<domain.Transaction>

[2022-11-07 23:39:59 #27 type] 
Type domain.Sport is not enhanced.

[2022-11-07 23:39:59 #28 type] 
Type domain.Question is not enhanced.

[2022-11-07 23:39:59 #29 type.registry] 
New type domain.Quote

[2022-11-07 23:39:59 #30 type.registry] 
New type java.util.Vector<domain.Quote>

[2022-11-07 23:39:59 #31 type] 
Type domain.Elkarrizketa is not enhanced.

[2022-11-07 23:39:59 #32 type] 
Type domain.Message is not enhanced.

[2022-11-07 23:39:59 #33 type] 
Type domain.KirolEstatistikak is not enhanced.

[2022-11-07 23:39:59 #34 type] 
Type domain.Jarraitzailea is not enhanced.

[2022-11-07 23:39:59 #35 type] 
Type domain.ApustuAnitza is not enhanced.

[2022-11-07 23:39:59 #36 type.registry] 
New type domain.Apustua

[2022-11-07 23:39:59 #37 type.registry] 
New type java.util.Vector<domain.Apustua>

[2022-11-07 23:39:59 #38 type] 
Type domain.Transaction is not enhanced.

[2022-11-07 23:39:59 #39 type] 
Type domain.Quote is not enhanced.

[2022-11-07 23:39:59 #40 type] 
Type domain.Apustua is not enhanced.

[2022-11-07 23:39:59 #41 type.registry] 
New type domain.Admin

[2022-11-07 23:39:59 #42 type] 
Type domain.Admin is not enhanced.

[2022-11-07 23:39:59 #43 type.registry] 
New type java.util.Vector<java.lang.Object>

------------------------------------------------------------------------------------------------------------------------

[2022-11-07 23:42:35 #1 store] 
Database '/home/oier/git/ProyectoIS2/src/main/resources/bets.temp' has been recovered (tr. 1-11)

[2022-11-07 23:42:35 #2 store] 
Database '/home/oier/git/ProyectoIS2/src/main/resources/bets.temp' is opened by 11985@pc-oier

[2022-11-07 23:42:35 #3 type] 
Type domain.Team is not enhanced.

[2022-11-07 23:42:35 #4 type] 
Type domain.Event is not enhanced.

[2022-11-07 23:42:35 #5 type] 
Type domain.User is not enhanced.

[2022-11-07 23:42:35 #6 type] 
Type domain.Registered is not enhanced.

[2022-11-07 23:42:35 #7 type] 
Type domain.Sport is not enhanced.

[2022-11-07 23:42:35 #8 type] 
Type domain.Question is not enhanced.

[2022-11-07 23:42:35 #9 type] 
Type domain.Elkarrizketa is not enhanced.

[2022-11-07 23:42:35 #10 type] 
Type domain.Message is not enhanced.

[2022-11-07 23:42:35 #11 type] 
Type domain.KirolEstatistikak is not enhanced.

[2022-11-07 23:42:35 #12 type] 
Type domain.Jarraitzailea is not enhanced.

[2022-11-07 23:42:35 #13 type] 
Type domain.ApustuAnitza is not enhanced.

[2022-11-07 23:42:35 #14 type] 
Type domain.Transaction is not enhanced.

[2022-11-07 23:42:35 #15 type] 
Type domain.Quote is not enhanced.

[2022-11-07 23:42:35 #16 type] 
Type domain.Apustua is not enhanced.

[2022-11-07 23:42:35 #17 type] 
Type domain.Admin is not enhanced.

------------------------------------------------------------------------------------------------------------------------

[2022-11-07 23:45:17 #1 store] 
Database '/home/oier/git/ProyectoIS2/src/main/resources/bets.temp' has been recovered (tr. 12-13)

[2022-11-07 23:45:18 #2 store] 
Database '/home/oier/git/ProyectoIS2/src/main/resources/bets.temp' is opened by 12723@pc-oier

[2022-11-07 23:45:18 #3 type] 
Type domain.Team is not enhanced.

[2022-11-07 23:45:18 #4 type] 
Type domain.Event is not enhanced.

[2022-11-07 23:45:18 #5 type] 
Type domain.User is not enhanced.

[2022-11-07 23:45:18 #6 type] 
Type domain.Registered is not enhanced.

[2022-11-07 23:45:18 #7 type] 
Type domain.Sport is not enhanced.

[2022-11-07 23:45:18 #8 type] 
Type domain.Question is not enhanced.

[2022-11-07 23:45:18 #9 type] 
Type domain.Elkarrizketa is not enhanced.

[2022-11-07 23:45:18 #10 type] 
Type domain.Message is not enhanced.

[2022-11-07 23:45:18 #11 type] 
Type domain.KirolEstatistikak is not enhanced.

[2022-11-07 23:45:18 #12 type] 
Type domain.Jarraitzailea is not enhanced.

[2022-11-07 23:45:18 #13 type] 
Type domain.ApustuAnitza is not enhanced.

[2022-11-07 23:45:18 #14 type] 
Type domain.Transaction is not enhanced.

[2022-11-07 23:45:18 #15 type] 
Type domain.Quote is not enhanced.

[2022-11-07 23:45:18 #16 type] 
Type domain.Apustua is not enhanced.

[2022-11-07 23:45:18 #17 type] 
Type domain.Admin is not enhanced.

------------------------------------------------------------------------------------------------------------------------

[2022-11-07 23:47:20 #1 store] 
Database '/home/oier/git/ProyectoIS2/src/main/resources/bets.temp' is opened by 12954@pc-oier

[2022-11-07 23:47:20 #2 type] 
Type domain.Team is not enhanced.

[2022-11-07 23:47:20 #3 type] 
Type domain.Event is not enhanced.

[2022-11-07 23:47:20 #4 type] 
Type domain.User is not enhanced.

[2022-11-07 23:47:20 #5 type] 
Type domain.Registered is not enhanced.

[2022-11-07 23:47:20 #6 type] 
Type domain.Sport is not enhanced.

[2022-11-07 23:47:20 #7 type] 
Type domain.Question is not enhanced.

[2022-11-07 23:47:20 #8 type] 
Type domain.Elkarrizketa is not enhanced.

[2022-11-07 23:47:20 #9 type] 
Type domain.Message is not enhanced.

[2022-11-07 23:47:20 #10 type] 
Type domain.KirolEstatistikak is not enhanced.

[2022-11-07 23:47:20 #11 type] 
Type domain.Jarraitzailea is not enhanced.

[2022-11-07 23:47:20 #12 type] 
Type domain.ApustuAnitza is not enhanced.

[2022-11-07 23:47:20 #13 type] 
Type domain.Transaction is not enhanced.

[2022-11-07 23:47:20 #14 type] 
Type domain.Quote is not enhanced.

[2022-11-07 23:47:20 #15 type] 
Type domain.Apustua is not enhanced.

[2022-11-07 23:47:20 #16 type] 
Type domain.Admin is not enhanced.

------------------------------------------------------------------------------------------------------------------------

[2022-11-07 23:47:29 #1 store] 
Database '/home/oier/git/ProyectoIS2/src/main/resources/bets.temp' has been recovered (tr. 17-18)

[2022-11-07 23:47:29 #2 store] 
Database '/home/oier/git/ProyectoIS2/src/main/resources/bets.temp' is opened by 12997@pc-oier

[2022-11-07 23:47:29 #3 type] 
Type domain.Team is not enhanced.

[2022-11-07 23:47:29 #4 type] 
Type domain.Event is not enhanced.

[2022-11-07 23:47:29 #5 type] 
Type domain.User is not enhanced.

[2022-11-07 23:47:29 #6 type] 
Type domain.Registered is not enhanced.

[2022-11-07 23:47:29 #7 type] 
Type domain.Sport is not enhanced.

[2022-11-07 23:47:29 #8 type] 
Type domain.Question is not enhanced.

[2022-11-07 23:47:29 #9 type] 
Type domain.Elkarrizketa is not enhanced.

[2022-11-07 23:47:29 #10 type] 
Type domain.Message is not enhanced.

[2022-11-07 23:47:29 #11 type] 
Type domain.KirolEstatistikak is not enhanced.

[2022-11-07 23:47:29 #12 type] 
Type domain.Jarraitzailea is not enhanced.

[2022-11-07 23:47:29 #13 type] 
Type domain.ApustuAnitza is not enhanced.

[2022-11-07 23:47:29 #14 type] 
Type domain.Transaction is not enhanced.

[2022-11-07 23:47:29 #15 type] 
Type domain.Quote is not enhanced.

[2022-11-07 23:47:29 #16 type] 
Type domain.Apustua is not enhanced.

[2022-11-07 23:47:29 #17 type] 
Type domain.Admin is not enhanced.

------------------------------------------------------------------------------------------------------------------------

[2022-11-07 23:47:32 #1 store] 
Database '/home/oier/git/ProyectoIS2/src/main/resources/bets.temp' has been recovered (tr. 19-20)

[2022-11-07 23:47:32 #2 store] 
Database '/home/oier/git/ProyectoIS2/src/main/resources/bets.temp' is opened by 13032@pc-oier

[2022-11-07 23:47:32 #3 type] 
Type domain.Team is not enhanced.

[2022-11-07 23:47:32 #4 type] 
Type domain.Event is not enhanced.

[2022-11-07 23:47:32 #5 type] 
Type domain.User is not enhanced.

[2022-11-07 23:47:32 #6 type] 
Type domain.Registered is not enhanced.

[2022-11-07 23:47:32 #7 type] 
Type domain.Sport is not enhanced.

[2022-11-07 23:47:32 #8 type] 
Type domain.Question is not enhanced.

[2022-11-07 23:47:32 #9 type] 
Type domain.Elkarrizketa is not enhanced.

[2022-11-07 23:47:32 #10 type] 
Type domain.Message is not enhanced.

[2022-11-07 23:47:32 #11 type] 
Type domain.KirolEstatistikak is not enhanced.

[2022-11-07 23:47:32 #12 type] 
Type domain.Jarraitzailea is not enhanced.

[2022-11-07 23:47:32 #13 type] 
Type domain.ApustuAnitza is not enhanced.

[2022-11-07 23:47:32 #14 type] 
Type domain.Transaction is not enhanced.

[2022-11-07 23:47:32 #15 type] 
Type domain.Quote is not enhanced.

[2022-11-07 23:47:32 #16 type] 
Type domain.Apustua is not enhanced.

[2022-11-07 23:47:32 #17 type] 
Type domain.Admin is not enhanced.

------------------------------------------------------------------------------------------------------------------------

[2022-11-07 23:47:35 #1 store] 
Database '/home/oier/git/ProyectoIS2/src/main/resources/bets.temp' has been recovered (tr. 21-22)

[2022-11-07 23:47:35 #2 store] 
Database '/home/oier/git/ProyectoIS2/src/main/resources/bets.temp' is opened by 13067@pc-oier

[2022-11-07 23:47:35 #3 type] 
Type domain.Team is not enhanced.

[2022-11-07 23:47:35 #4 type] 
Type domain.Event is not enhanced.

[2022-11-07 23:47:35 #5 type] 
Type domain.User is not enhanced.

[2022-11-07 23:47:35 #6 type] 
Type domain.Registered is not enhanced.

[2022-11-07 23:47:35 #7 type] 
Type domain.Sport is not enhanced.

[2022-11-07 23:47:35 #8 type] 
Type domain.Question is not enhanced.

[2022-11-07 23:47:35 #9 type] 
Type domain.Elkarrizketa is not enhanced.

[2022-11-07 23:47:35 #10 type] 
Type domain.Message is not enhanced.

[2022-11-07 23:47:35 #11 type] 
Type domain.KirolEstatistikak is not enhanced.

[2022-11-07 23:47:35 #12 type] 
Type domain.Jarraitzailea is not enhanced.

[2022-11-07 23:47:35 #13 type] 
Type domain.ApustuAnitza is not enhanced.

[2022-11-07 23:47:35 #14 type] 
Type domain.Transaction is not enhanced.

[2022-11-07 23:47:35 #15 type] 
Type domain.Quote is not enhanced.

[2022-11-07 23:47:35 #16 type] 
Type domain.Apustua is not enhanced.

[2022-11-07 23:47:35 #17 type] 
Type domain.Admin is not enhanced.

